
> rest-express@1.0.0 dev
> NODE_ENV=development tsx server/index.ts

8:16:19 PM [express] serving on primary port 52793
8:16:19 PM [express] serving on secondary port 55429
Browserslist: browsers data (caniuse-lite) is 8 months old. Please run:
  npx update-browserslist-db@latest
  Why you should do it regularly: https://github.com/browserslist/update-db#readme


Source path: /workspace/LifeMasterAI/client/src/index.css
Setting up new context...
Finding changed files: 10.827ms
Reading changed files: 566.842ms
Sorting candidates: 4.7ReadiGenerate rules: 380.801ms
Build stylesheet: 9.564ms
PoteGenerate rules: 397.873ms
Build stylesheet: 9.202ms
Potential classes:  5110
Active contexts:  1
JIT TOTAL: 1.729s


The file does not exist at "/workspace/LifeMasterAI/node_modules/.vite/deps/chunk-UPVX7IVH.js?v=9e1c7f39" which is in the optimize deps directory. The dependency might be incompatible with the dep optimizer. Try adding it to `optimizeDeps.exclude`.
The file does not exist at "/workspace/LifeMasterAI/node_modules/.vite/deps/chunk-26IOYGTM.js?v=9e1c7f39" which is in the optimize deps directory. The dependency might be incompaThe file does not exist at "/workspace/LifeMasterAI/node_modules/.vite/The file does not exist at "/workspace/LifeMasterAI/node_modules/.vite/deps/chunk-XSTX2KX2.js?v=af59e2b1" which is in the optimize deps directory. The dependency might be incompatible with the dep optimizer. Try adding it to `optimizeDeps.exclude`.
